<?xml version="1.0" encoding="UTF-8"?>
<!-- Generated by org.testng.reporters.JUnitReportReporter -->
<testsuite hostname="kishores-MacBook-Air.local" failures="0" tests="1" name="baseclass.Tc_02" time="6.755" errors="0" timestamp="2024-05-27T07:21:56 IST" skipped="0">
  <testcase classname="baseclass.Tc_02" name="createContact" time="6.755"/>
</testsuite> <!-- baseclass.Tc_02 -->
