<?xml version="1.0" encoding="UTF-8"?>
<!-- Generated by org.testng.reporters.JUnitReportReporter -->
<testsuite hostname="kishores-MacBook-Air.local" failures="0" tests="1" name="baseclass.Tc_03" time="4.353" errors="0" timestamp="2024-05-27T07:21:56 IST" skipped="0">
  <testcase classname="baseclass.Tc_03" name="addtocart" time="4.353"/>
</testsuite> <!-- baseclass.Tc_03 -->
