<?xml version="1.0" encoding="UTF-8"?>
<!-- Generated by org.testng.reporters.JUnitReportReporter -->
<testsuite hostname="kishores-Air.mshome.net" failures="0" tests="1" name="baseclass.tc_01" time="9.869" errors="0" timestamp="2024-05-27T15:33:07 IST" skipped="0">
  <testcase classname="baseclass.tc_01" name="jupcontactvalid" time="9.869"/>
</testsuite> <!-- baseclass.tc_01 -->
